This file contains any messages produced by compilers while
running configure, to aid debugging if configure makes a mistake.

It was created by cudd configure 3.0.0, which was
generated by GNU Autoconf 2.69.  Invocation command line was

  $ ./configure 

## --------- ##
## Platform. ##
## --------- ##

hostname = tsf-460-wpa-5-234.epfl.ch
uname -m = x86_64
uname -r = 18.2.0
uname -s = Darwin
uname -v = Darwin Kernel Version 18.2.0: Thu Dec 20 20:46:53 PST 2018; root:xnu-4903.241.1~1/RELEASE_X86_64

/usr/bin/uname -p = i386
/bin/uname -X     = unknown

/bin/arch              = unknown
/usr/bin/arch -k       = unknown
/usr/convex/getsysinfo = unknown
/usr/bin/hostinfo      = Mach kernel version:
	 Darwin Kernel Version 18.2.0: Thu Dec 20 20:46:53 PST 2018; root:xnu-4903.241.1~1/RELEASE_X86_64
Kernel configured for up to 8 processors.
4 processors are physically available.
8 processors are logically available.
Processor type: x86_64h (Intel x86-64h Haswell)
Processors active: 0 1 2 3 4 5 6 7
Primary memory available: 16.00 gigabytes
Default processor set: 391 tasks, 1800 threads, 8 processors
Load average: 1.52, Mach factor: 6.47
/bin/machine           = unknown
/usr/bin/oslevel       = unknown
/bin/universe          = unknown

PATH: /usr/local/bin
PATH: /usr/bin
PATH: /bin
PATH: /usr/sbin
PATH: /sbin
PATH: /Library/TeX/texbin


## ----------- ##
## Core tests. ##
## ----------- ##

configure:2689: checking build system type
configure:2703: result: x86_64-apple-darwin18.2.0
configure:2723: checking host system type
configure:2736: result: x86_64-apple-darwin18.2.0
configure:2772: checking for a BSD-compatible install
configure:2840: result: /usr/bin/install -c
configure:2851: checking whether build environment is sane
configure:2906: result: yes
configure:3057: checking for a thread-safe mkdir -p
configure:3096: result: build-aux/install-sh -c -d
configure:3103: checking for gawk
configure:3133: result: no
configure:3103: checking for mawk
configure:3133: result: no
configure:3103: checking for nawk
configure:3133: result: no
configure:3103: checking for awk
configure:3119: found /usr/bin/awk
configure:3130: result: awk
configure:3141: checking whether make sets $(MAKE)
configure:3163: result: yes
configure:3192: checking whether make supports nested variables
configure:3209: result: yes
configure:3431: checking for gcc
configure:3447: found /usr/bin/gcc
configure:3458: result: gcc
configure:3687: checking for C compiler version
configure:3696: gcc --version >&5
Apple LLVM version 10.0.0 (clang-1000.10.44.4)
Target: x86_64-apple-darwin18.2.0
Thread model: posix
InstalledDir: /Library/Developer/CommandLineTools/usr/bin
Configured with: --prefix=/Library/Developer/CommandLineTools/usr --with-gxx-include-dir=/Library/Developer/CommandLineTools/SDKs/MacOSX10.14.sdk/usr/include/c++/4.2.1
configure:3707: $? = 0
configure:3696: gcc -v >&5
Configured with: --prefix=/Library/Developer/CommandLineTools/usr --with-gxx-include-dir=/Library/Developer/CommandLineTools/SDKs/MacOSX10.14.sdk/usr/include/c++/4.2.1
Apple LLVM version 10.0.0 (clang-1000.10.44.4)
Target: x86_64-apple-darwin18.2.0
Thread model: posix
InstalledDir: /Library/Developer/CommandLineTools/usr/bin
configure:3707: $? = 0
configure:3696: gcc -V >&5
clang: error: argument to '-V' is missing (expected 1 value)
clang: error: no input files
configure:3707: $? = 1
configure:3696: gcc -qversion >&5
clang: error: unknown argument: '-qversion'
clang: error: no input files
configure:3707: $? = 1
configure:3727: checking whether the C compiler works
configure:3749: gcc -Wall -Wextra -g -O3   conftest.c  >&5
configure:3753: $? = 0
configure:3801: result: yes
configure:3804: checking for C compiler default output file name
configure:3806: result: a.out
configure:3812: checking for suffix of executables
configure:3819: gcc -o conftest -Wall -Wextra -g -O3   conftest.c  >&5
configure:3823: $? = 0
configure:3845: result: 
configure:3867: checking whether we are cross compiling
configure:3875: gcc -o conftest -Wall -Wextra -g -O3   conftest.c  >&5
configure:3879: $? = 0
configure:3886: ./conftest
configure:3890: $? = 0
configure:3905: result: no
configure:3910: checking for suffix of object files
configure:3932: gcc -c -Wall -Wextra -g -O3  conftest.c >&5
configure:3936: $? = 0
configure:3957: result: o
configure:3961: checking whether we are using the GNU C compiler
configure:3980: gcc -c -Wall -Wextra -g -O3  conftest.c >&5
configure:3980: $? = 0
configure:3989: result: yes
configure:3998: checking whether gcc accepts -g
configure:4018: gcc -c -g  conftest.c >&5
configure:4018: $? = 0
configure:4059: result: yes
configure:4076: checking for gcc option to accept ISO C89
configure:4139: gcc  -c -Wall -Wextra -g -O3  conftest.c >&5
configure:4139: $? = 0
configure:4152: result: none needed
configure:4177: checking whether gcc understands -c and -o together
configure:4199: gcc -c conftest.c -o conftest2.o
configure:4202: $? = 0
configure:4199: gcc -c conftest.c -o conftest2.o
configure:4202: $? = 0
configure:4214: result: yes
configure:4242: checking for style of include used by make
configure:4270: result: GNU
configure:4296: checking dependency style of gcc
configure:4407: result: gcc3
configure:4480: checking for g++
configure:4496: found /usr/bin/g++
configure:4507: result: g++
configure:4534: checking for C++ compiler version
configure:4543: g++ --version >&5
Apple LLVM version 10.0.0 (clang-1000.10.44.4)
Target: x86_64-apple-darwin18.2.0
Thread model: posix
InstalledDir: /Library/Developer/CommandLineTools/usr/bin
Configured with: --prefix=/Library/Developer/CommandLineTools/usr --with-gxx-include-dir=/Library/Developer/CommandLineTools/SDKs/MacOSX10.14.sdk/usr/include/c++/4.2.1
configure:4554: $? = 0
configure:4543: g++ -v >&5
Configured with: --prefix=/Library/Developer/CommandLineTools/usr --with-gxx-include-dir=/Library/Developer/CommandLineTools/SDKs/MacOSX10.14.sdk/usr/include/c++/4.2.1
Apple LLVM version 10.0.0 (clang-1000.10.44.4)
Target: x86_64-apple-darwin18.2.0
Thread model: posix
InstalledDir: /Library/Developer/CommandLineTools/usr/bin
configure:4554: $? = 0
configure:4543: g++ -V >&5
clang: error: argument to '-V' is missing (expected 1 value)
clang: error: no input files
configure:4554: $? = 1
configure:4543: g++ -qversion >&5
clang: error: unknown argument: '-qversion'
clang: error: no input files
configure:4554: $? = 1
configure:4558: checking whether we are using the GNU C++ compiler
configure:4577: g++ -c -Wall -Wextra -std=c++0x -g -O3  conftest.cpp >&5
configure:4577: $? = 0
configure:4586: result: yes
configure:4595: checking whether g++ accepts -g
configure:4615: g++ -c -g  conftest.cpp >&5
configure:4615: $? = 0
configure:4656: result: yes
configure:4681: checking dependency style of g++
configure:4792: result: gcc3
configure:4857: checking for ar
configure:4873: found /usr/bin/ar
configure:4884: result: ar
configure:4910: checking the archiver (ar) interface
configure:4926: gcc -c -Wall -Wextra -g -O3  conftest.c >&5
configure:4926: $? = 0
configure:4928: ar cru libconftest.a conftest.o >&5
configure:4931: $? = 0
configure:4959: result: ar
configure:5026: checking how to print strings
configure:5053: result: printf
configure:5074: checking for a sed that does not truncate output
configure:5138: result: /usr/bin/sed
configure:5156: checking for grep that handles long lines and -e
configure:5214: result: /usr/bin/grep
configure:5219: checking for egrep
configure:5281: result: /usr/bin/grep -E
configure:5286: checking for fgrep
configure:5348: result: /usr/bin/grep -F
configure:5383: checking for ld used by gcc
configure:5450: result: /Library/Developer/CommandLineTools/usr/bin/ld
configure:5457: checking if the linker (/Library/Developer/CommandLineTools/usr/bin/ld) is GNU ld
configure:5472: result: no
configure:5484: checking for BSD- or MS-compatible name lister (nm)
configure:5533: result: /usr/bin/nm -B
configure:5663: checking the name lister (/usr/bin/nm -B) interface
configure:5670: gcc -c -Wall -Wextra -g -O3  conftest.c >&5
configure:5673: /usr/bin/nm -B "conftest.o"
configure:5676: output
00000000000001dc S _some_variable
configure:5683: result: BSD nm
configure:5686: checking whether ln -s works
configure:5690: result: yes
configure:5698: checking the maximum length of command line arguments
configure:5829: result: 196608
configure:5846: checking whether the shell understands some XSI constructs
configure:5856: result: yes
configure:5860: checking whether the shell understands "+="
configure:5866: result: yes
configure:5901: checking how to convert x86_64-apple-darwin18.2.0 file names to x86_64-apple-darwin18.2.0 format
configure:5941: result: func_convert_file_noop
configure:5948: checking how to convert x86_64-apple-darwin18.2.0 file names to toolchain format
configure:5968: result: func_convert_file_noop
configure:5975: checking for /Library/Developer/CommandLineTools/usr/bin/ld option to reload object files
configure:5982: result: -r
configure:6056: checking for objdump
configure:6072: found /usr/bin/objdump
configure:6083: result: objdump
configure:6112: checking how to recognize dependent libraries
configure:6310: result: pass_all
configure:6395: checking for dlltool
configure:6425: result: no
configure:6452: checking how to associate runtime and link libraries
configure:6479: result: printf %s\n
configure:6603: checking for archiver @FILE support
configure:6620: gcc -c -Wall -Wextra -g -O3  conftest.c >&5
configure:6620: $? = 0
configure:6623: ar cru libconftest.a @conftest.lst >&5
ar: @conftest.lst: No such file or directory
configure:6626: $? = 1
configure:6646: result: no
configure:6704: checking for strip
configure:6720: found /usr/bin/strip
configure:6731: result: strip
configure:6803: checking for ranlib
configure:6819: found /usr/bin/ranlib
configure:6830: result: ranlib
configure:6932: checking command to parse /usr/bin/nm -B output from gcc object
configure:7052: gcc -c -Wall -Wextra -g -O3  conftest.c >&5
configure:7055: $? = 0
configure:7059: /usr/bin/nm -B conftest.o \| sed -n -e 's/^.*[ ]\([BCDEGRST][BCDEGRST]*\)[ ][ ]*\([_A-Za-z][_A-Za-z0-9]*\)$/\1 \2 \2/p' | sed '/ __gnu_lto/d' \> conftest.nm
configure:7062: $? = 0
cannot find nm_test_var in conftest.nm
configure:7052: gcc -c -Wall -Wextra -g -O3  conftest.c >&5
configure:7055: $? = 0
configure:7059: /usr/bin/nm -B conftest.o \| sed -n -e 's/^.*[ ]\([BCDEGRST][BCDEGRST]*\)[ ][ ]*_\([_A-Za-z][_A-Za-z0-9]*\)$/\1 _\2 \2/p' | sed '/ __gnu_lto/d' \> conftest.nm
configure:7062: $? = 0
configure:7128: gcc -o conftest -Wall -Wextra -g -O3   conftest.c conftstm.o >&5
warning: (x86_64)  could not find object file symbol for symbol _main
configure:7131: $? = 0
configure:7169: result: ok
configure:7206: checking for sysroot
configure:7236: result: no
configure:7505: checking for mt
configure:7535: result: no
configure:7555: checking if : is a manifest tool
configure:7561: : '-?'
configure:7569: result: no
configure:7625: checking for dsymutil
configure:7641: found /usr/bin/dsymutil
configure:7652: result: dsymutil
configure:7717: checking for nmedit
configure:7733: found /usr/bin/nmedit
configure:7744: result: nmedit
configure:7809: checking for lipo
configure:7825: found /usr/bin/lipo
configure:7836: result: lipo
configure:7901: checking for otool
configure:7917: found /usr/bin/otool
configure:7928: result: otool
configure:7993: checking for otool64
configure:8023: result: no
configure:8068: checking for -single_module linker flag
gcc -Wall -Wextra -g -O3  -o libconftest.dylib -dynamiclib -Wl,-single_module conftest.c
configure:8101: result: yes
configure:8104: checking for -exported_symbols_list linker flag
configure:8124: gcc -o conftest -Wall -Wextra -g -O3   -Wl,-exported_symbols_list,conftest.sym conftest.c  >&5
configure:8124: $? = 0
configure:8134: result: yes
configure:8137: checking for -force_load linker flag
gcc -Wall -Wextra -g -O3 -c -o conftest.o conftest.c
ar cru libconftest.a conftest.o
ranlib libconftest.a
gcc -Wall -Wextra -g -O3  -o conftest conftest.c -Wl,-force_load,./libconftest.a
configure:8169: result: yes
configure:8211: checking how to run the C preprocessor
configure:8242: gcc -E  conftest.c
configure:8242: $? = 0
configure:8256: gcc -E  conftest.c
conftest.c:11:10: fatal error: 'ac_nonexistent.h' file not found
#include <ac_nonexistent.h>
         ^~~~~~~~~~~~~~~~~~
1 error generated.
configure:8256: $? = 1
configure: failed program was:
| /* confdefs.h */
| #define PACKAGE_NAME "cudd"
| #define PACKAGE_TARNAME "cudd"
| #define PACKAGE_VERSION "3.0.0"
| #define PACKAGE_STRING "cudd 3.0.0"
| #define PACKAGE_BUGREPORT "Fabio@Colorado.EDU"
| #define PACKAGE_URL ""
| #define PACKAGE "cudd"
| #define VERSION "3.0.0"
| /* end confdefs.h.  */
| #include <ac_nonexistent.h>
configure:8281: result: gcc -E
configure:8301: gcc -E  conftest.c
configure:8301: $? = 0
configure:8315: gcc -E  conftest.c
conftest.c:11:10: fatal error: 'ac_nonexistent.h' file not found
#include <ac_nonexistent.h>
         ^~~~~~~~~~~~~~~~~~
1 error generated.
configure:8315: $? = 1
configure: failed program was:
| /* confdefs.h */
| #define PACKAGE_NAME "cudd"
| #define PACKAGE_TARNAME "cudd"
| #define PACKAGE_VERSION "3.0.0"
| #define PACKAGE_STRING "cudd 3.0.0"
| #define PACKAGE_BUGREPORT "Fabio@Colorado.EDU"
| #define PACKAGE_URL ""
| #define PACKAGE "cudd"
| #define VERSION "3.0.0"
| /* end confdefs.h.  */
| #include <ac_nonexistent.h>
configure:8344: checking for ANSI C header files
configure:8364: gcc -c -Wall -Wextra -g -O3  conftest.c >&5
configure:8364: $? = 0
configure:8437: gcc -o conftest -Wall -Wextra -g -O3   conftest.c  >&5
configure:8437: $? = 0
configure:8437: ./conftest
configure:8437: $? = 0
configure:8448: result: yes
configure:8461: checking for sys/types.h
configure:8461: gcc -c -Wall -Wextra -g -O3  conftest.c >&5
configure:8461: $? = 0
configure:8461: result: yes
configure:8461: checking for sys/stat.h
configure:8461: gcc -c -Wall -Wextra -g -O3  conftest.c >&5
configure:8461: $? = 0
configure:8461: result: yes
configure:8461: checking for stdlib.h
configure:8461: gcc -c -Wall -Wextra -g -O3  conftest.c >&5
configure:8461: $? = 0
configure:8461: result: yes
configure:8461: checking for string.h
configure:8461: gcc -c -Wall -Wextra -g -O3  conftest.c >&5
configure:8461: $? = 0
configure:8461: result: yes
configure:8461: checking for memory.h
configure:8461: gcc -c -Wall -Wextra -g -O3  conftest.c >&5
configure:8461: $? = 0
configure:8461: result: yes
configure:8461: checking for strings.h
configure:8461: gcc -c -Wall -Wextra -g -O3  conftest.c >&5
configure:8461: $? = 0
configure:8461: result: yes
configure:8461: checking for inttypes.h
configure:8461: gcc -c -Wall -Wextra -g -O3  conftest.c >&5
configure:8461: $? = 0
configure:8461: result: yes
configure:8461: checking for stdint.h
configure:8461: gcc -c -Wall -Wextra -g -O3  conftest.c >&5
configure:8461: $? = 0
configure:8461: result: yes
configure:8461: checking for unistd.h
configure:8461: gcc -c -Wall -Wextra -g -O3  conftest.c >&5
configure:8461: $? = 0
configure:8461: result: yes
configure:8475: checking for dlfcn.h
configure:8475: gcc -c -Wall -Wextra -g -O3  conftest.c >&5
configure:8475: $? = 0
configure:8475: result: yes
configure:8989: checking for objdir
configure:9004: result: .libs
configure:9275: checking if gcc supports -fno-rtti -fno-exceptions
configure:9293: gcc -c -Wall -Wextra -g -O3  -fno-rtti -fno-exceptions conftest.c >&5
configure:9297: $? = 0
configure:9310: result: yes
configure:9637: checking for gcc option to produce PIC
configure:9644: result: -fno-common -DPIC
configure:9652: checking if gcc PIC flag -fno-common -DPIC works
configure:9670: gcc -c -Wall -Wextra -g -O3  -fno-common -DPIC -DPIC conftest.c >&5
configure:9674: $? = 0
configure:9687: result: yes
configure:9716: checking if gcc static flag -static works
configure:9744: result: no
configure:9759: checking if gcc supports -c -o file.o
configure:9780: gcc -c -Wall -Wextra -g -O3  -o out/conftest2.o conftest.c >&5
configure:9784: $? = 0
configure:9806: result: yes
configure:9814: checking if gcc supports -c -o file.o
configure:9861: result: yes
configure:9894: checking whether the gcc linker (/Library/Developer/CommandLineTools/usr/bin/ld) supports shared libraries
configure:11051: result: yes
configure:11291: checking dynamic linker characteristics
configure:12025: result: darwin18.2.0 dyld
configure:12132: checking how to hardcode library paths into programs
configure:12157: result: immediate
configure:12697: checking whether stripping libraries is possible
configure:12711: result: yes
configure:12737: checking if libtool supports shared libraries
configure:12739: result: yes
configure:12742: checking whether to build shared libraries
configure:12763: result: no
configure:12766: checking whether to build static libraries
configure:12770: result: yes
configure:12793: checking how to run the C++ preprocessor
configure:12820: g++ -E  conftest.cpp
configure:12820: $? = 0
configure:12834: g++ -E  conftest.cpp
conftest.cpp:23:10: fatal error: 'ac_nonexistent.h' file not found
#include <ac_nonexistent.h>
         ^~~~~~~~~~~~~~~~~~
1 error generated.
configure:12834: $? = 1
configure: failed program was:
| /* confdefs.h */
| #define PACKAGE_NAME "cudd"
| #define PACKAGE_TARNAME "cudd"
| #define PACKAGE_VERSION "3.0.0"
| #define PACKAGE_STRING "cudd 3.0.0"
| #define PACKAGE_BUGREPORT "Fabio@Colorado.EDU"
| #define PACKAGE_URL ""
| #define PACKAGE "cudd"
| #define VERSION "3.0.0"
| #define STDC_HEADERS 1
| #define HAVE_SYS_TYPES_H 1
| #define HAVE_SYS_STAT_H 1
| #define HAVE_STDLIB_H 1
| #define HAVE_STRING_H 1
| #define HAVE_MEMORY_H 1
| #define HAVE_STRINGS_H 1
| #define HAVE_INTTYPES_H 1
| #define HAVE_STDINT_H 1
| #define HAVE_UNISTD_H 1
| #define HAVE_DLFCN_H 1
| #define LT_OBJDIR ".libs/"
| /* end confdefs.h.  */
| #include <ac_nonexistent.h>
configure:12859: result: g++ -E
configure:12879: g++ -E  conftest.cpp
configure:12879: $? = 0
configure:12893: g++ -E  conftest.cpp
conftest.cpp:23:10: fatal error: 'ac_nonexistent.h' file not found
#include <ac_nonexistent.h>
         ^~~~~~~~~~~~~~~~~~
1 error generated.
configure:12893: $? = 1
configure: failed program was:
| /* confdefs.h */
| #define PACKAGE_NAME "cudd"
| #define PACKAGE_TARNAME "cudd"
| #define PACKAGE_VERSION "3.0.0"
| #define PACKAGE_STRING "cudd 3.0.0"
| #define PACKAGE_BUGREPORT "Fabio@Colorado.EDU"
| #define PACKAGE_URL ""
| #define PACKAGE "cudd"
| #define VERSION "3.0.0"
| #define STDC_HEADERS 1
| #define HAVE_SYS_TYPES_H 1
| #define HAVE_SYS_STAT_H 1
| #define HAVE_STDLIB_H 1
| #define HAVE_STRING_H 1
| #define HAVE_MEMORY_H 1
| #define HAVE_STRINGS_H 1
| #define HAVE_INTTYPES_H 1
| #define HAVE_STDINT_H 1
| #define HAVE_UNISTD_H 1
| #define HAVE_DLFCN_H 1
| #define LT_OBJDIR ".libs/"
| /* end confdefs.h.  */
| #include <ac_nonexistent.h>
configure:13062: checking for ld used by g++
configure:13129: result: /Library/Developer/CommandLineTools/usr/bin/ld
configure:13136: checking if the linker (/Library/Developer/CommandLineTools/usr/bin/ld) is GNU ld
configure:13151: result: no
configure:13206: checking whether the g++ linker (/Library/Developer/CommandLineTools/usr/bin/ld) supports shared libraries
configure:14208: result: yes
configure:14244: g++ -c -Wall -Wextra -std=c++0x -g -O3  conftest.cpp >&5
configure:14247: $? = 0
configure:14767: checking for g++ option to produce PIC
configure:14774: result: -fno-common -DPIC
configure:14782: checking if g++ PIC flag -fno-common -DPIC works
configure:14800: g++ -c -Wall -Wextra -std=c++0x -g -O3  -fno-common -DPIC -DPIC conftest.cpp >&5
configure:14804: $? = 0
configure:14817: result: yes
configure:14840: checking if g++ static flag -static works
configure:14868: result: no
configure:14880: checking if g++ supports -c -o file.o
configure:14901: g++ -c -Wall -Wextra -std=c++0x -g -O3  -o out/conftest2.o conftest.cpp >&5
configure:14905: $? = 0
configure:14927: result: yes
configure:14932: checking if g++ supports -c -o file.o
configure:14979: result: yes
configure:15009: checking whether the g++ linker (/Library/Developer/CommandLineTools/usr/bin/ld) supports shared libraries
configure:15048: result: yes
configure:15189: checking dynamic linker characteristics
configure:15857: result: darwin18.2.0 dyld
configure:15910: checking how to hardcode library paths into programs
configure:15935: result: immediate
configure:16002: checking whether byte ordering is bigendian
configure:16017: gcc -c -Wall -Wextra -g -O3  conftest.c >&5
configure:16017: $? = 0
configure:16062: gcc -c -Wall -Wextra -g -O3  conftest.c >&5
configure:16062: $? = 0
configure:16080: gcc -c -Wall -Wextra -g -O3  conftest.c >&5
conftest.c:30:4: error: use of undeclared identifier 'not'
                 not big endian
                 ^
1 error generated.
configure:16080: $? = 1
configure: failed program was:
| /* confdefs.h */
| #define PACKAGE_NAME "cudd"
| #define PACKAGE_TARNAME "cudd"
| #define PACKAGE_VERSION "3.0.0"
| #define PACKAGE_STRING "cudd 3.0.0"
| #define PACKAGE_BUGREPORT "Fabio@Colorado.EDU"
| #define PACKAGE_URL ""
| #define PACKAGE "cudd"
| #define VERSION "3.0.0"
| #define STDC_HEADERS 1
| #define HAVE_SYS_TYPES_H 1
| #define HAVE_SYS_STAT_H 1
| #define HAVE_STDLIB_H 1
| #define HAVE_STRING_H 1
| #define HAVE_MEMORY_H 1
| #define HAVE_STRINGS_H 1
| #define HAVE_INTTYPES_H 1
| #define HAVE_STDINT_H 1
| #define HAVE_UNISTD_H 1
| #define HAVE_DLFCN_H 1
| #define LT_OBJDIR ".libs/"
| /* end confdefs.h.  */
| #include <sys/types.h>
| 		#include <sys/param.h>
| 
| int
| main ()
| {
| #if BYTE_ORDER != BIG_ENDIAN
| 		 not big endian
| 		#endif
| 
|   ;
|   return 0;
| }
configure:16208: result: no
configure:16240: checking for doxygen
configure:16256: found /usr/local/bin/doxygen
configure:16267: result: doxygen
configure:16299: checking for pdflatex
configure:16315: found /Library/TeX/texbin/pdflatex
configure:16326: result: pdflatex
configure:16345: checking for makeindex
configure:16361: found /Library/TeX/texbin/makeindex
configure:16372: result: makeindex
configure:16402: checking for library containing pow
configure:16433: gcc -o conftest -Wall -Wextra -g -O3   conftest.c  >&5
conftest.c:30:6: warning: incompatible redeclaration of library function 'pow' [-Wincompatible-library-redeclaration]
char pow ();
     ^
conftest.c:30:6: note: 'pow' is a builtin with type 'double (double, double)'
1 warning generated.
configure:16433: $? = 0
configure:16450: result: none required
configure:16458: checking for pthread_create in -lpthread
configure:16483: gcc -o conftest -Wall -Wextra -g -O3   conftest.c -lpthread   >&5
configure:16483: $? = 0
configure:16492: result: yes
configure:16509: checking for library containing WSAStartup
configure:16540: gcc -o conftest -Wall -Wextra -g -O3   conftest.c  >&5
Undefined symbols for architecture x86_64:
  "_WSAStartup", referenced from:
      _main in conftest-f2f4b9.o
ld: symbol(s) not found for architecture x86_64
clang: error: linker command failed with exit code 1 (use -v to see invocation)
configure:16540: $? = 1
configure: failed program was:
| /* confdefs.h */
| #define PACKAGE_NAME "cudd"
| #define PACKAGE_TARNAME "cudd"
| #define PACKAGE_VERSION "3.0.0"
| #define PACKAGE_STRING "cudd 3.0.0"
| #define PACKAGE_BUGREPORT "Fabio@Colorado.EDU"
| #define PACKAGE_URL ""
| #define PACKAGE "cudd"
| #define VERSION "3.0.0"
| #define STDC_HEADERS 1
| #define HAVE_SYS_TYPES_H 1
| #define HAVE_SYS_STAT_H 1
| #define HAVE_STDLIB_H 1
| #define HAVE_STRING_H 1
| #define HAVE_MEMORY_H 1
| #define HAVE_STRINGS_H 1
| #define HAVE_INTTYPES_H 1
| #define HAVE_STDINT_H 1
| #define HAVE_UNISTD_H 1
| #define HAVE_DLFCN_H 1
| #define LT_OBJDIR ".libs/"
| /* end confdefs.h.  */
| 
| /* Override any GCC internal prototype to avoid an error.
|    Use char because int might match the return type of a GCC
|    builtin and then its argument prototype would still apply.  */
| #ifdef __cplusplus
| extern "C"
| #endif
| char WSAStartup ();
| int
| main ()
| {
| return WSAStartup ();
|   ;
|   return 0;
| }
configure:16540: gcc -o conftest -Wall -Wextra -g -O3   conftest.c -lws2_32   >&5
ld: library not found for -lws2_32
clang: error: linker command failed with exit code 1 (use -v to see invocation)
configure:16540: $? = 1
configure: failed program was:
| /* confdefs.h */
| #define PACKAGE_NAME "cudd"
| #define PACKAGE_TARNAME "cudd"
| #define PACKAGE_VERSION "3.0.0"
| #define PACKAGE_STRING "cudd 3.0.0"
| #define PACKAGE_BUGREPORT "Fabio@Colorado.EDU"
| #define PACKAGE_URL ""
| #define PACKAGE "cudd"
| #define VERSION "3.0.0"
| #define STDC_HEADERS 1
| #define HAVE_SYS_TYPES_H 1
| #define HAVE_SYS_STAT_H 1
| #define HAVE_STDLIB_H 1
| #define HAVE_STRING_H 1
| #define HAVE_MEMORY_H 1
| #define HAVE_STRINGS_H 1
| #define HAVE_INTTYPES_H 1
| #define HAVE_STDINT_H 1
| #define HAVE_UNISTD_H 1
| #define HAVE_DLFCN_H 1
| #define LT_OBJDIR ".libs/"
| /* end confdefs.h.  */
| 
| /* Override any GCC internal prototype to avoid an error.
|    Use char because int might match the return type of a GCC
|    builtin and then its argument prototype would still apply.  */
| #ifdef __cplusplus
| extern "C"
| #endif
| char WSAStartup ();
| int
| main ()
| {
| return WSAStartup ();
|   ;
|   return 0;
| }
configure:16557: result: no
configure:16565: checking for library containing GetProcessMemoryInfo
configure:16596: gcc -o conftest -Wall -Wextra -g -O3   conftest.c  >&5
Undefined symbols for architecture x86_64:
  "_GetProcessMemoryInfo", referenced from:
      _main in conftest-bf2989.o
ld: symbol(s) not found for architecture x86_64
clang: error: linker command failed with exit code 1 (use -v to see invocation)
configure:16596: $? = 1
configure: failed program was:
| /* confdefs.h */
| #define PACKAGE_NAME "cudd"
| #define PACKAGE_TARNAME "cudd"
| #define PACKAGE_VERSION "3.0.0"
| #define PACKAGE_STRING "cudd 3.0.0"
| #define PACKAGE_BUGREPORT "Fabio@Colorado.EDU"
| #define PACKAGE_URL ""
| #define PACKAGE "cudd"
| #define VERSION "3.0.0"
| #define STDC_HEADERS 1
| #define HAVE_SYS_TYPES_H 1
| #define HAVE_SYS_STAT_H 1
| #define HAVE_STDLIB_H 1
| #define HAVE_STRING_H 1
| #define HAVE_MEMORY_H 1
| #define HAVE_STRINGS_H 1
| #define HAVE_INTTYPES_H 1
| #define HAVE_STDINT_H 1
| #define HAVE_UNISTD_H 1
| #define HAVE_DLFCN_H 1
| #define LT_OBJDIR ".libs/"
| /* end confdefs.h.  */
| 
| /* Override any GCC internal prototype to avoid an error.
|    Use char because int might match the return type of a GCC
|    builtin and then its argument prototype would still apply.  */
| #ifdef __cplusplus
| extern "C"
| #endif
| char GetProcessMemoryInfo ();
| int
| main ()
| {
| return GetProcessMemoryInfo ();
|   ;
|   return 0;
| }
configure:16596: gcc -o conftest -Wall -Wextra -g -O3   conftest.c -lpsapi   >&5
ld: library not found for -lpsapi
clang: error: linker command failed with exit code 1 (use -v to see invocation)
configure:16596: $? = 1
configure: failed program was:
| /* confdefs.h */
| #define PACKAGE_NAME "cudd"
| #define PACKAGE_TARNAME "cudd"
| #define PACKAGE_VERSION "3.0.0"
| #define PACKAGE_STRING "cudd 3.0.0"
| #define PACKAGE_BUGREPORT "Fabio@Colorado.EDU"
| #define PACKAGE_URL ""
| #define PACKAGE "cudd"
| #define VERSION "3.0.0"
| #define STDC_HEADERS 1
| #define HAVE_SYS_TYPES_H 1
| #define HAVE_SYS_STAT_H 1
| #define HAVE_STDLIB_H 1
| #define HAVE_STRING_H 1
| #define HAVE_MEMORY_H 1
| #define HAVE_STRINGS_H 1
| #define HAVE_INTTYPES_H 1
| #define HAVE_STDINT_H 1
| #define HAVE_UNISTD_H 1
| #define HAVE_DLFCN_H 1
| #define LT_OBJDIR ".libs/"
| /* end confdefs.h.  */
| 
| /* Override any GCC internal prototype to avoid an error.
|    Use char because int might match the return type of a GCC
|    builtin and then its argument prototype would still apply.  */
| #ifdef __cplusplus
| extern "C"
| #endif
| char GetProcessMemoryInfo ();
| int
| main ()
| {
| return GetProcessMemoryInfo ();
|   ;
|   return 0;
| }
configure:16613: result: no
configure:16627: checking float.h usability
configure:16627: gcc -c -Wall -Wextra -g -O3  conftest.c >&5
configure:16627: $? = 0
configure:16627: result: yes
configure:16627: checking float.h presence
configure:16627: gcc -E  conftest.c
configure:16627: $? = 0
configure:16627: result: yes
configure:16627: checking for float.h
configure:16627: result: yes
configure:16627: checking for inttypes.h
configure:16627: result: yes
configure:16627: checking limits.h usability
configure:16627: gcc -c -Wall -Wextra -g -O3  conftest.c >&5
configure:16627: $? = 0
configure:16627: result: yes
configure:16627: checking limits.h presence
configure:16627: gcc -E  conftest.c
configure:16627: $? = 0
configure:16627: result: yes
configure:16627: checking for limits.h
configure:16627: result: yes
configure:16627: checking stddef.h usability
configure:16627: gcc -c -Wall -Wextra -g -O3  conftest.c >&5
configure:16627: $? = 0
configure:16627: result: yes
configure:16627: checking stddef.h presence
configure:16627: gcc -E  conftest.c
configure:16627: $? = 0
configure:16627: result: yes
configure:16627: checking for stddef.h
configure:16627: result: yes
configure:16627: checking for stdlib.h
configure:16627: result: yes
configure:16627: checking for string.h
configure:16627: result: yes
configure:16627: checking assert.h usability
configure:16627: gcc -c -Wall -Wextra -g -O3  conftest.c >&5
configure:16627: $? = 0
configure:16627: result: yes
configure:16627: checking assert.h presence
configure:16627: gcc -E  conftest.c
configure:16627: $? = 0
configure:16627: result: yes
configure:16627: checking for assert.h
configure:16627: result: yes
configure:16627: checking math.h usability
configure:16627: gcc -c -Wall -Wextra -g -O3  conftest.c >&5
configure:16627: $? = 0
configure:16627: result: yes
configure:16627: checking math.h presence
configure:16627: gcc -E  conftest.c
configure:16627: $? = 0
configure:16627: result: yes
configure:16627: checking for math.h
configure:16627: result: yes
configure:16646: checking for unistd.h
configure:16646: result: yes
configure:16646: checking sys/time.h usability
configure:16646: gcc -c -Wall -Wextra -g -O3  conftest.c >&5
configure:16646: $? = 0
configure:16646: result: yes
configure:16646: checking sys/time.h presence
configure:16646: gcc -E  conftest.c
configure:16646: $? = 0
configure:16646: result: yes
configure:16646: checking for sys/time.h
configure:16646: result: yes
configure:16646: checking sys/times.h usability
configure:16646: gcc -c -Wall -Wextra -g -O3  conftest.c >&5
configure:16646: $? = 0
configure:16646: result: yes
configure:16646: checking sys/times.h presence
configure:16646: gcc -E  conftest.c
configure:16646: $? = 0
configure:16646: result: yes
configure:16646: checking for sys/times.h
configure:16646: result: yes
configure:16646: checking sys/resource.h usability
configure:16646: gcc -c -Wall -Wextra -g -O3  conftest.c >&5
configure:16646: $? = 0
configure:16646: result: yes
configure:16646: checking sys/resource.h presence
configure:16646: gcc -E  conftest.c
configure:16646: $? = 0
configure:16646: result: yes
configure:16646: checking for sys/resource.h
configure:16646: result: yes
configure:16646: checking sys/wait.h usability
configure:16646: gcc -c -Wall -Wextra -g -O3  conftest.c >&5
configure:16646: $? = 0
configure:16646: result: yes
configure:16646: checking sys/wait.h presence
configure:16646: gcc -E  conftest.c
configure:16646: $? = 0
configure:16646: result: yes
configure:16646: checking for sys/wait.h
configure:16646: result: yes
configure:16657: checking for working C++ thread header
configure:16676: g++ -c -Wall -Wextra -std=c++0x -g -O3  conftest.cpp >&5
configure:16676: $? = 0
configure:16689: result: yes
configure:16700: checking for stdbool.h that conforms to C99
configure:16767: gcc -c -Wall -Wextra -g -O3  conftest.c >&5
conftest.c:86:24: warning: address of 's' will always evaluate to 'true' [-Wpointer-bool-conversion]
             bool e = &s;
                  ~    ^
conftest.c:90:23: warning: address of array 'a' will always evaluate to 'true' [-Wpointer-bool-conversion]
             return (!a + !b + !c + !d + !e + !f + !g + !h + !i + !!j + !k + !!l
                     ~^
conftest.c:90:28: warning: address of array 'b' will always evaluate to 'true' [-Wpointer-bool-conversion]
             return (!a + !b + !c + !d + !e + !f + !g + !h + !i + !!j + !k + !!l
                          ~^
conftest.c:90:33: warning: address of array 'c' will always evaluate to 'true' [-Wpointer-bool-conversion]
             return (!a + !b + !c + !d + !e + !f + !g + !h + !i + !!j + !k + !!l
                               ~^
conftest.c:90:38: warning: address of array 'd' will always evaluate to 'true' [-Wpointer-bool-conversion]
             return (!a + !b + !c + !d + !e + !f + !g + !h + !i + !!j + !k + !!l
                                    ~^
conftest.c:90:48: warning: address of array 'f' will always evaluate to 'true' [-Wpointer-bool-conversion]
             return (!a + !b + !c + !d + !e + !f + !g + !h + !i + !!j + !k + !!l
                                              ~^
conftest.c:90:53: warning: address of array 'g' will always evaluate to 'true' [-Wpointer-bool-conversion]
             return (!a + !b + !c + !d + !e + !f + !g + !h + !i + !!j + !k + !!l
                                                   ~^
conftest.c:90:58: warning: address of array 'h' will always evaluate to 'true' [-Wpointer-bool-conversion]
             return (!a + !b + !c + !d + !e + !f + !g + !h + !i + !!j + !k + !!l
                                                        ~^
conftest.c:90:63: warning: address of array 'i' will always evaluate to 'true' [-Wpointer-bool-conversion]
             return (!a + !b + !c + !d + !e + !f + !g + !h + !i + !!j + !k + !!l
                                                             ~^
conftest.c:91:30: warning: address of array 'n' will always evaluate to 'true' [-Wpointer-bool-conversion]
                            ~^
conftest.c:91:35: warning: address of array 'o' will always evaluate to 'true' [-Wpointer-bool-conversion]
                                 ~^
conftest.c:91:40: warning: address of array 'p' will always evaluate to 'true' [-Wpointer-bool-conversion]
                                      ~^
12 warnings generated.
configure:16767: $? = 0
configure:16774: result: yes
configure:16776: checking for _Bool
configure:16776: gcc -c -Wall -Wextra -g -O3  conftest.c >&5
configure:16776: $? = 0
configure:16776: gcc -c -Wall -Wextra -g -O3  conftest.c >&5
conftest.c:73:20: error: expected expression
if (sizeof ((_Bool)))
                   ^
1 error generated.
configure:16776: $? = 1
configure: failed program was:
| /* confdefs.h */
| #define PACKAGE_NAME "cudd"
| #define PACKAGE_TARNAME "cudd"
| #define PACKAGE_VERSION "3.0.0"
| #define PACKAGE_STRING "cudd 3.0.0"
| #define PACKAGE_BUGREPORT "Fabio@Colorado.EDU"
| #define PACKAGE_URL ""
| #define PACKAGE "cudd"
| #define VERSION "3.0.0"
| #define STDC_HEADERS 1
| #define HAVE_SYS_TYPES_H 1
| #define HAVE_SYS_STAT_H 1
| #define HAVE_STDLIB_H 1
| #define HAVE_STRING_H 1
| #define HAVE_MEMORY_H 1
| #define HAVE_STRINGS_H 1
| #define HAVE_INTTYPES_H 1
| #define HAVE_STDINT_H 1
| #define HAVE_UNISTD_H 1
| #define HAVE_DLFCN_H 1
| #define LT_OBJDIR ".libs/"
| #define HAVE_FLOAT_H 1
| #define HAVE_INTTYPES_H 1
| #define HAVE_LIMITS_H 1
| #define HAVE_STDDEF_H 1
| #define HAVE_STDLIB_H 1
| #define HAVE_STRING_H 1
| #define HAVE_ASSERT_H 1
| #define HAVE_MATH_H 1
| #define HAVE_UNISTD_H 1
| #define HAVE_SYS_TIME_H 1
| #define HAVE_SYS_TIMES_H 1
| #define HAVE_SYS_RESOURCE_H 1
| #define HAVE_SYS_WAIT_H 1
| #define HAVE_WORKING_THREAD 1
| /* end confdefs.h.  */
| #include <stdio.h>
| #ifdef HAVE_SYS_TYPES_H
| # include <sys/types.h>
| #endif
| #ifdef HAVE_SYS_STAT_H
| # include <sys/stat.h>
| #endif
| #ifdef STDC_HEADERS
| # include <stdlib.h>
| # include <stddef.h>
| #else
| # ifdef HAVE_STDLIB_H
| #  include <stdlib.h>
| # endif
| #endif
| #ifdef HAVE_STRING_H
| # if !defined STDC_HEADERS && defined HAVE_MEMORY_H
| #  include <memory.h>
| # endif
| # include <string.h>
| #endif
| #ifdef HAVE_STRINGS_H
| # include <strings.h>
| #endif
| #ifdef HAVE_INTTYPES_H
| # include <inttypes.h>
| #endif
| #ifdef HAVE_STDINT_H
| # include <stdint.h>
| #endif
| #ifdef HAVE_UNISTD_H
| # include <unistd.h>
| #endif
| int
| main ()
| {
| if (sizeof ((_Bool)))
| 	    return 0;
|   ;
|   return 0;
| }
configure:16776: result: yes
configure:16787: checking for inline
configure:16803: gcc -c -Wall -Wextra -g -O3  conftest.c >&5
conftest.c:40:21: warning: unused function 'static_foo' [-Wunused-function]
static inline foo_t static_foo () {return 0; }
                    ^
1 warning generated.
configure:16803: $? = 0
configure:16811: result: inline
configure:16829: checking for size_t
configure:16829: gcc -c -Wall -Wextra -g -O3  conftest.c >&5
configure:16829: $? = 0
configure:16829: gcc -c -Wall -Wextra -g -O3  conftest.c >&5
conftest.c:74:21: error: expected expression
if (sizeof ((size_t)))
                    ^
1 error generated.
configure:16829: $? = 1
configure: failed program was:
| /* confdefs.h */
| #define PACKAGE_NAME "cudd"
| #define PACKAGE_TARNAME "cudd"
| #define PACKAGE_VERSION "3.0.0"
| #define PACKAGE_STRING "cudd 3.0.0"
| #define PACKAGE_BUGREPORT "Fabio@Colorado.EDU"
| #define PACKAGE_URL ""
| #define PACKAGE "cudd"
| #define VERSION "3.0.0"
| #define STDC_HEADERS 1
| #define HAVE_SYS_TYPES_H 1
| #define HAVE_SYS_STAT_H 1
| #define HAVE_STDLIB_H 1
| #define HAVE_STRING_H 1
| #define HAVE_MEMORY_H 1
| #define HAVE_STRINGS_H 1
| #define HAVE_INTTYPES_H 1
| #define HAVE_STDINT_H 1
| #define HAVE_UNISTD_H 1
| #define HAVE_DLFCN_H 1
| #define LT_OBJDIR ".libs/"
| #define HAVE_FLOAT_H 1
| #define HAVE_INTTYPES_H 1
| #define HAVE_LIMITS_H 1
| #define HAVE_STDDEF_H 1
| #define HAVE_STDLIB_H 1
| #define HAVE_STRING_H 1
| #define HAVE_ASSERT_H 1
| #define HAVE_MATH_H 1
| #define HAVE_UNISTD_H 1
| #define HAVE_SYS_TIME_H 1
| #define HAVE_SYS_TIMES_H 1
| #define HAVE_SYS_RESOURCE_H 1
| #define HAVE_SYS_WAIT_H 1
| #define HAVE_WORKING_THREAD 1
| #define HAVE__BOOL 1
| /* end confdefs.h.  */
| #include <stdio.h>
| #ifdef HAVE_SYS_TYPES_H
| # include <sys/types.h>
| #endif
| #ifdef HAVE_SYS_STAT_H
| # include <sys/stat.h>
| #endif
| #ifdef STDC_HEADERS
| # include <stdlib.h>
| # include <stddef.h>
| #else
| # ifdef HAVE_STDLIB_H
| #  include <stdlib.h>
| # endif
| #endif
| #ifdef HAVE_STRING_H
| # if !defined STDC_HEADERS && defined HAVE_MEMORY_H
| #  include <memory.h>
| # endif
| # include <string.h>
| #endif
| #ifdef HAVE_STRINGS_H
| # include <strings.h>
| #endif
| #ifdef HAVE_INTTYPES_H
| # include <inttypes.h>
| #endif
| #ifdef HAVE_STDINT_H
| # include <stdint.h>
| #endif
| #ifdef HAVE_UNISTD_H
| # include <unistd.h>
| #endif
| int
| main ()
| {
| if (sizeof ((size_t)))
| 	    return 0;
|   ;
|   return 0;
| }
configure:16829: result: yes
configure:16840: checking for uint16_t
configure:16840: gcc -c -Wall -Wextra -g -O3  conftest.c >&5
configure:16840: $? = 0
configure:16840: result: yes
configure:16852: checking for uint32_t
configure:16852: gcc -c -Wall -Wextra -g -O3  conftest.c >&5
configure:16852: $? = 0
configure:16852: result: yes
configure:16866: checking for ptrdiff_t
configure:16866: gcc -c -Wall -Wextra -g -O3  conftest.c >&5
configure:16866: $? = 0
configure:16866: gcc -c -Wall -Wextra -g -O3  conftest.c >&5
conftest.c:74:24: error: expected expression
if (sizeof ((ptrdiff_t)))
                       ^
1 error generated.
configure:16866: $? = 1
configure: failed program was:
| /* confdefs.h */
| #define PACKAGE_NAME "cudd"
| #define PACKAGE_TARNAME "cudd"
| #define PACKAGE_VERSION "3.0.0"
| #define PACKAGE_STRING "cudd 3.0.0"
| #define PACKAGE_BUGREPORT "Fabio@Colorado.EDU"
| #define PACKAGE_URL ""
| #define PACKAGE "cudd"
| #define VERSION "3.0.0"
| #define STDC_HEADERS 1
| #define HAVE_SYS_TYPES_H 1
| #define HAVE_SYS_STAT_H 1
| #define HAVE_STDLIB_H 1
| #define HAVE_STRING_H 1
| #define HAVE_MEMORY_H 1
| #define HAVE_STRINGS_H 1
| #define HAVE_INTTYPES_H 1
| #define HAVE_STDINT_H 1
| #define HAVE_UNISTD_H 1
| #define HAVE_DLFCN_H 1
| #define LT_OBJDIR ".libs/"
| #define HAVE_FLOAT_H 1
| #define HAVE_INTTYPES_H 1
| #define HAVE_LIMITS_H 1
| #define HAVE_STDDEF_H 1
| #define HAVE_STDLIB_H 1
| #define HAVE_STRING_H 1
| #define HAVE_ASSERT_H 1
| #define HAVE_MATH_H 1
| #define HAVE_UNISTD_H 1
| #define HAVE_SYS_TIME_H 1
| #define HAVE_SYS_TIMES_H 1
| #define HAVE_SYS_RESOURCE_H 1
| #define HAVE_SYS_WAIT_H 1
| #define HAVE_WORKING_THREAD 1
| #define HAVE__BOOL 1
| /* end confdefs.h.  */
| #include <stdio.h>
| #ifdef HAVE_SYS_TYPES_H
| # include <sys/types.h>
| #endif
| #ifdef HAVE_SYS_STAT_H
| # include <sys/stat.h>
| #endif
| #ifdef STDC_HEADERS
| # include <stdlib.h>
| # include <stddef.h>
| #else
| # ifdef HAVE_STDLIB_H
| #  include <stdlib.h>
| # endif
| #endif
| #ifdef HAVE_STRING_H
| # if !defined STDC_HEADERS && defined HAVE_MEMORY_H
| #  include <memory.h>
| # endif
| # include <string.h>
| #endif
| #ifdef HAVE_STRINGS_H
| # include <strings.h>
| #endif
| #ifdef HAVE_INTTYPES_H
| # include <inttypes.h>
| #endif
| #ifdef HAVE_STDINT_H
| # include <stdint.h>
| #endif
| #ifdef HAVE_UNISTD_H
| # include <unistd.h>
| #endif
| int
| main ()
| {
| if (sizeof ((ptrdiff_t)))
| 	    return 0;
|   ;
|   return 0;
| }
configure:16866: result: yes
configure:16880: checking size of int
configure:16885: gcc -o conftest -Wall -Wextra -g -O3   conftest.c  >&5
configure:16885: $? = 0
configure:16885: ./conftest
configure:16885: $? = 0
configure:16899: result: 4
configure:16913: checking size of long
configure:16918: gcc -o conftest -Wall -Wextra -g -O3   conftest.c  >&5
configure:16918: $? = 0
configure:16918: ./conftest
configure:16918: $? = 0
configure:16932: result: 8
configure:16946: checking size of void *
configure:16951: gcc -o conftest -Wall -Wextra -g -O3   conftest.c  >&5
configure:16951: $? = 0
configure:16951: ./conftest
configure:16951: $? = 0
configure:16965: result: 8
configure:16979: checking size of long double
configure:16984: gcc -o conftest -Wall -Wextra -g -O3   conftest.c  >&5
configure:16984: $? = 0
configure:16984: ./conftest
configure:16984: $? = 0
configure:16998: result: 16
configure:17008: checking whether we are building for a Win32 host
configure:17020: gcc -c -Wall -Wextra -g -O3  conftest.c >&5
configure:17020: $? = 0
configure:17027: result: no
configure:17042: checking whether enough of C++11 is supported
configure:17061: g++ -c -Wall -Wextra -std=c++0x -g -O3  conftest.cpp >&5
conftest.cpp:46:9: warning: unused variable 'p' [-Wunused-variable]
  void *p = nullptr;
        ^
1 warning generated.
configure:17061: $? = 0
configure:17074: result: yes
configure:17087: checking for pow
configure:17087: gcc -o conftest -Wall -Wextra -g -O3   conftest.c  >&5
conftest.c:67:6: warning: incompatible redeclaration of library function 'pow' [-Wincompatible-library-redeclaration]
char pow ();
     ^
conftest.c:67:6: note: 'pow' is a builtin with type 'double (double, double)'
1 warning generated.
configure:17087: $? = 0
configure:17087: result: yes
configure:17087: checking for sqrt
configure:17087: gcc -o conftest -Wall -Wextra -g -O3   conftest.c  >&5
conftest.c:68:6: warning: incompatible redeclaration of library function 'sqrt' [-Wincompatible-library-redeclaration]
char sqrt ();
     ^
conftest.c:68:6: note: 'sqrt' is a builtin with type 'double (double)'
1 warning generated.
configure:17087: $? = 0
configure:17087: result: yes
configure:17087: checking for strchr
configure:17087: gcc -o conftest -Wall -Wextra -g -O3   conftest.c  >&5
conftest.c:69:6: warning: incompatible redeclaration of library function 'strchr' [-Wincompatible-library-redeclaration]
char strchr ();
     ^
conftest.c:69:6: note: 'strchr' is a builtin with type 'char *(const char *, int)'
1 warning generated.
configure:17087: $? = 0
configure:17087: result: yes
configure:17087: checking for strstr
configure:17087: gcc -o conftest -Wall -Wextra -g -O3   conftest.c  >&5
conftest.c:70:6: warning: incompatible redeclaration of library function 'strstr' [-Wincompatible-library-redeclaration]
char strstr ();
     ^
conftest.c:70:6: note: 'strstr' is a builtin with type 'char *(const char *, const char *)'
1 warning generated.
configure:17087: $? = 0
configure:17087: result: yes
configure:17105: checking for powl
configure:17105: gcc -o conftest -Wall -Wextra -g -O3   conftest.c  >&5
conftest.c:71:6: warning: incompatible redeclaration of library function 'powl' [-Wincompatible-library-redeclaration]
char powl ();
     ^
conftest.c:71:6: note: 'powl' is a builtin with type 'long double (long double, long double)'
1 warning generated.
configure:17105: $? = 0
configure:17105: result: yes
configure:17105: checking for gethostname
configure:17105: gcc -o conftest -Wall -Wextra -g -O3   conftest.c  >&5
configure:17105: $? = 0
configure:17105: result: yes
configure:17105: checking for getrlimit
configure:17105: gcc -o conftest -Wall -Wextra -g -O3   conftest.c  >&5
configure:17105: $? = 0
configure:17105: result: yes
configure:17105: checking for getrusage
configure:17105: gcc -o conftest -Wall -Wextra -g -O3   conftest.c  >&5
configure:17105: $? = 0
configure:17105: result: yes
configure:17105: checking for sysconf
configure:17105: gcc -o conftest -Wall -Wextra -g -O3   conftest.c  >&5
configure:17105: $? = 0
configure:17105: result: yes
configure:17117: checking for +Infinity (IEEE 754 floating point)
configure:17136: gcc -o conftest -Wall -Wextra -g -O3   conftest.c  >&5
conftest.c:55:1: warning: type specifier missing, defaults to 'int' [-Wimplicit-int]
main(void)
^
1 warning generated.
configure:17136: $? = 0
configure:17136: ./conftest
configure:17136: $? = 0
configure:17167: result: yes
configure:17304: checking that generated files are newer than configure
configure:17310: result: done
configure:17366: creating ./config.status

## ---------------------- ##
## Running config.status. ##
## ---------------------- ##

This file was extended by cudd config.status 3.0.0, which was
generated by GNU Autoconf 2.69.  Invocation command line was

  CONFIG_FILES    = 
  CONFIG_HEADERS  = 
  CONFIG_LINKS    = 
  CONFIG_COMMANDS = 
  $ ./config.status 

on tsf-460-wpa-5-234.epfl.ch

config.status:1199: creating Doxyfile
config.status:1199: creating doc/cudd.tex
config.status:1199: creating Makefile
config.status:1199: creating dddmp/exp/test1.sh
config.status:1199: creating dddmp/exp/test2.sh
config.status:1199: creating dddmp/exp/test3.sh
config.status:1199: creating dddmp/exp/test4.sh
config.status:1199: creating dddmp/exp/test5.sh
config.status:1199: creating dddmp/exp/test6.sh
config.status:1199: creating dddmp/exp/test7.sh
config.status:1199: creating config.h
config.status:1380: config.h is unchanged
config.status:1428: executing depfiles commands
config.status:1428: executing libtool commands

## ---------------- ##
## Cache variables. ##
## ---------------- ##

ac_cv_build=x86_64-apple-darwin18.2.0
ac_cv_c_bigendian=no
ac_cv_c_compiler_gnu=yes
ac_cv_c_inline=inline
ac_cv_c_uint16_t=yes
ac_cv_c_uint32_t=yes
ac_cv_cxx_compiler_gnu=yes
ac_cv_env_CCC_set=
ac_cv_env_CCC_value=
ac_cv_env_CC_set=
ac_cv_env_CC_value=
ac_cv_env_CFLAGS_set=
ac_cv_env_CFLAGS_value=
ac_cv_env_CPPFLAGS_set=
ac_cv_env_CPPFLAGS_value=
ac_cv_env_CPP_set=
ac_cv_env_CPP_value=
ac_cv_env_CXXCPP_set=
ac_cv_env_CXXCPP_value=
ac_cv_env_CXXFLAGS_set=
ac_cv_env_CXXFLAGS_value=
ac_cv_env_CXX_set=
ac_cv_env_CXX_value=
ac_cv_env_LDFLAGS_set=
ac_cv_env_LDFLAGS_value=
ac_cv_env_LIBS_set=
ac_cv_env_LIBS_value=
ac_cv_env_build_alias_set=
ac_cv_env_build_alias_value=
ac_cv_env_host_alias_set=
ac_cv_env_host_alias_value=
ac_cv_env_target_alias_set=
ac_cv_env_target_alias_value=
ac_cv_func_gethostname=yes
ac_cv_func_getrlimit=yes
ac_cv_func_getrusage=yes
ac_cv_func_pow=yes
ac_cv_func_powl=yes
ac_cv_func_sqrt=yes
ac_cv_func_strchr=yes
ac_cv_func_strstr=yes
ac_cv_func_sysconf=yes
ac_cv_have_ieee_754=yes
ac_cv_have_modern_cxx=yes
ac_cv_header_assert_h=yes
ac_cv_header_dlfcn_h=yes
ac_cv_header_float_h=yes
ac_cv_header_inttypes_h=yes
ac_cv_header_limits_h=yes
ac_cv_header_math_h=yes
ac_cv_header_memory_h=yes
ac_cv_header_stdbool_h=yes
ac_cv_header_stdc=yes
ac_cv_header_stddef_h=yes
ac_cv_header_stdint_h=yes
ac_cv_header_stdlib_h=yes
ac_cv_header_string_h=yes
ac_cv_header_strings_h=yes
ac_cv_header_sys_resource_h=yes
ac_cv_header_sys_stat_h=yes
ac_cv_header_sys_time_h=yes
ac_cv_header_sys_times_h=yes
ac_cv_header_sys_types_h=yes
ac_cv_header_sys_wait_h=yes
ac_cv_header_unistd_h=yes
ac_cv_host=x86_64-apple-darwin18.2.0
ac_cv_lib_pthread_pthread_create=yes
ac_cv_objext=o
ac_cv_path_EGREP='/usr/bin/grep -E'
ac_cv_path_FGREP='/usr/bin/grep -F'
ac_cv_path_GREP=/usr/bin/grep
ac_cv_path_SED=/usr/bin/sed
ac_cv_path_install='/usr/bin/install -c'
ac_cv_prog_AWK=awk
ac_cv_prog_CPP='gcc -E'
ac_cv_prog_CXXCPP='g++ -E'
ac_cv_prog_DOXYGEN=doxygen
ac_cv_prog_MAKEINDEX=makeindex
ac_cv_prog_PDFLATEX=pdflatex
ac_cv_prog_ac_ct_AR=ar
ac_cv_prog_ac_ct_CC=gcc
ac_cv_prog_ac_ct_CXX=g++
ac_cv_prog_ac_ct_DSYMUTIL=dsymutil
ac_cv_prog_ac_ct_LIPO=lipo
ac_cv_prog_ac_ct_NMEDIT=nmedit
ac_cv_prog_ac_ct_OBJDUMP=objdump
ac_cv_prog_ac_ct_OTOOL=otool
ac_cv_prog_ac_ct_RANLIB=ranlib
ac_cv_prog_ac_ct_STRIP=strip
ac_cv_prog_cc_c89=
ac_cv_prog_cc_g=yes
ac_cv_prog_cxx_g=yes
ac_cv_prog_make_make_set=yes
ac_cv_search_GetProcessMemoryInfo=no
ac_cv_search_WSAStartup=no
ac_cv_search_pow='none required'
ac_cv_sizeof_int=4
ac_cv_sizeof_long=8
ac_cv_sizeof_long_double=16
ac_cv_sizeof_void_p=8
ac_cv_type__Bool=yes
ac_cv_type_ptrdiff_t=yes
ac_cv_type_size_t=yes
am_cv_CC_dependencies_compiler_type=gcc3
am_cv_CXX_dependencies_compiler_type=gcc3
am_cv_ar_interface=ar
am_cv_make_support_nested_variables=yes
am_cv_prog_cc_c_o=yes
lt_cv_apple_cc_single_mod=yes
lt_cv_ar_at_file=no
lt_cv_deplibs_check_method=pass_all
lt_cv_file_magic_cmd='$MAGIC_CMD'
lt_cv_file_magic_test_file=
lt_cv_ld_exported_symbols_list=yes
lt_cv_ld_force_load=yes
lt_cv_ld_reload_flag=-r
lt_cv_nm_interface='BSD nm'
lt_cv_objdir=.libs
lt_cv_path_LD=/Library/Developer/CommandLineTools/usr/bin/ld
lt_cv_path_LDCXX=/Library/Developer/CommandLineTools/usr/bin/ld
lt_cv_path_NM='/usr/bin/nm -B'
lt_cv_path_mainfest_tool=no
lt_cv_prog_compiler_c_o=yes
lt_cv_prog_compiler_c_o_CXX=yes
lt_cv_prog_compiler_pic='-fno-common -DPIC'
lt_cv_prog_compiler_pic_CXX='-fno-common -DPIC'
lt_cv_prog_compiler_pic_works=yes
lt_cv_prog_compiler_pic_works_CXX=yes
lt_cv_prog_compiler_rtti_exceptions=yes
lt_cv_prog_compiler_static_works=no
lt_cv_prog_compiler_static_works_CXX=no
lt_cv_prog_gnu_ld=no
lt_cv_prog_gnu_ldcxx=no
lt_cv_sharedlib_from_linklib_cmd='printf %s\n'
lt_cv_sys_global_symbol_pipe='sed -n -e '\''s/^.*[	 ]\([BCDEGRST][BCDEGRST]*\)[	 ][	 ]*_\([_A-Za-z][_A-Za-z0-9]*\)$/\1 _\2 \2/p'\'' | sed '\''/ __gnu_lto/d'\'''
lt_cv_sys_global_symbol_to_c_name_address='sed -n -e '\''s/^: \([^ ]*\)[ ]*$/  {\"\1\", (void *) 0},/p'\'' -e '\''s/^[BCDEGRST]* \([^ ]*\) \([^ ]*\)$/  {"\2", (void *) \&\2},/p'\'''
lt_cv_sys_global_symbol_to_c_name_address_lib_prefix='sed -n -e '\''s/^: \([^ ]*\)[ ]*$/  {\"\1\", (void *) 0},/p'\'' -e '\''s/^[BCDEGRST]* \([^ ]*\) \(lib[^ ]*\)$/  {"\2", (void *) \&\2},/p'\'' -e '\''s/^[BCDEGRST]* \([^ ]*\) \([^ ]*\)$/  {"lib\2", (void *) \&\2},/p'\'''
lt_cv_sys_global_symbol_to_cdecl='sed -n -e '\''s/^T .* \(.*\)$/extern int \1();/p'\'' -e '\''s/^[BCDEGRST]* .* \(.*\)$/extern char \1;/p'\'''
lt_cv_sys_max_cmd_len=196608
lt_cv_to_host_file_cmd=func_convert_file_noop
lt_cv_to_tool_file_cmd=func_convert_file_noop
mingw_cv_win32_host=no

## ----------------- ##
## Output variables. ##
## ----------------- ##

ACLOCAL='${SHELL} /Users/mozafari/Desktop/tweedledum/libs/cudd/build-aux/missing aclocal-1.14'
AMDEPBACKSLASH='\'
AMDEP_FALSE='#'
AMDEP_TRUE=''
AMTAR='$${TAR-tar}'
AM_BACKSLASH='\'
AM_DEFAULT_V='$(AM_DEFAULT_VERBOSITY)'
AM_DEFAULT_VERBOSITY='1'
AM_V='$(V)'
AR='ar'
AS='as'
AUTOCONF='${SHELL} /Users/mozafari/Desktop/tweedledum/libs/cudd/build-aux/missing autoconf'
AUTOHEADER='${SHELL} /Users/mozafari/Desktop/tweedledum/libs/cudd/build-aux/missing autoheader'
AUTOMAKE='${SHELL} /Users/mozafari/Desktop/tweedledum/libs/cudd/build-aux/missing automake-1.14'
AWK='awk'
CC='gcc'
CCDEPMODE='depmode=gcc3'
CFLAGS='-Wall -Wextra -g -O3'
CPP='gcc -E'
CPPFLAGS=''
CROSS_COMPILING_FALSE=''
CROSS_COMPILING_TRUE='#'
CXX='g++'
CXXCPP='g++ -E'
CXXDEPMODE='depmode=gcc3'
CXXFLAGS='-Wall -Wextra -std=c++0x -g -O3'
CYGPATH_W='echo'
DDDMP_FALSE=''
DDDMP_TRUE='#'
DEFS='-DHAVE_CONFIG_H'
DEPDIR='.deps'
DLLTOOL='false'
DOXYGEN='doxygen'
DSYMUTIL='dsymutil'
DUMPBIN=''
ECHO_C='\c'
ECHO_N=''
ECHO_T=''
EGREP='/usr/bin/grep -E'
EXEEXT=''
FGREP='/usr/bin/grep -F'
GREP='/usr/bin/grep'
HAVE_DOXYGEN_FALSE='#'
HAVE_DOXYGEN_TRUE=''
HAVE_PDFLATEX_FALSE='#'
HAVE_PDFLATEX_TRUE=''
HAVE_PTHREADS_FALSE='#'
HAVE_PTHREADS_TRUE=''
INSTALL_DATA='${INSTALL} -m 644'
INSTALL_PROGRAM='${INSTALL}'
INSTALL_SCRIPT='${INSTALL}'
INSTALL_STRIP_PROGRAM='$(install_sh) -c -s'
LD='/Library/Developer/CommandLineTools/usr/bin/ld'
LDFLAGS=''
LIBOBJS=''
LIBS=''
LIBTOOL='$(SHELL) $(top_builddir)/libtool'
LIPO='lipo'
LN_S='ln -s'
LTLIBOBJS=''
MAKEINDEX='makeindex'
MAKEINFO='${SHELL} /Users/mozafari/Desktop/tweedledum/libs/cudd/build-aux/missing makeinfo'
MANIFEST_TOOL=':'
MINGW64_FALSE=''
MINGW64_TRUE='#'
MKDIR_P='build-aux/install-sh -c -d'
NM='/usr/bin/nm -B'
NMEDIT='nmedit'
OBJDUMP='objdump'
OBJEXT='o'
OBJ_FALSE=''
OBJ_TRUE='#'
OTOOL64=':'
OTOOL='otool'
PACKAGE='cudd'
PACKAGE_BUGREPORT='Fabio@Colorado.EDU'
PACKAGE_NAME='cudd'
PACKAGE_STRING='cudd 3.0.0'
PACKAGE_TARNAME='cudd'
PACKAGE_URL=''
PACKAGE_VERSION='3.0.0'
PATH_SEPARATOR=':'
PDFLATEX='pdflatex'
RANLIB='ranlib'
SED='/usr/bin/sed'
SET_MAKE=''
SHELL='/bin/sh'
STRIP='strip'
VERSION='3.0.0'
ac_ct_AR='ar'
ac_ct_CC='gcc'
ac_ct_CXX='g++'
ac_ct_DUMPBIN=''
am__EXEEXT_FALSE=''
am__EXEEXT_TRUE='#'
am__fastdepCC_FALSE='#'
am__fastdepCC_TRUE=''
am__fastdepCXX_FALSE='#'
am__fastdepCXX_TRUE=''
am__include='include'
am__isrc=''
am__leading_dot='.'
am__nodep='_no'
am__quote=''
am__tar='$${TAR-tar} chof - "$$tardir"'
am__untar='$${TAR-tar} xf -'
bindir='${exec_prefix}/bin'
build='x86_64-apple-darwin18.2.0'
build_alias=''
build_cpu='x86_64'
build_os='darwin18.2.0'
build_vendor='apple'
datadir='${datarootdir}'
datarootdir='${prefix}/share'
docdir='${datarootdir}/doc/${PACKAGE_TARNAME}'
dvidir='${docdir}'
exec_prefix='${prefix}'
host='x86_64-apple-darwin18.2.0'
host_alias=''
host_cpu='x86_64'
host_os='darwin18.2.0'
host_vendor='apple'
htmldir='${docdir}'
includedir='${prefix}/include'
infodir='${datarootdir}/info'
install_sh='${SHELL} /Users/mozafari/Desktop/tweedledum/libs/cudd/build-aux/install-sh'
libdir='${exec_prefix}/lib'
libexecdir='${exec_prefix}/libexec'
localedir='${datarootdir}/locale'
localstatedir='${prefix}/var'
mandir='${datarootdir}/man'
mkdir_p='$(MKDIR_P)'
oldincludedir='/usr/include'
pdfdir='${docdir}'
prefix='/usr/local'
program_transform_name='s,x,x,'
psdir='${docdir}'
sbindir='${exec_prefix}/sbin'
sharedstatedir='${prefix}/com'
sysconfdir='${prefix}/etc'
target_alias=''

## ----------- ##
## confdefs.h. ##
## ----------- ##

/* confdefs.h */
#define PACKAGE_NAME "cudd"
#define PACKAGE_TARNAME "cudd"
#define PACKAGE_VERSION "3.0.0"
#define PACKAGE_STRING "cudd 3.0.0"
#define PACKAGE_BUGREPORT "Fabio@Colorado.EDU"
#define PACKAGE_URL ""
#define PACKAGE "cudd"
#define VERSION "3.0.0"
#define STDC_HEADERS 1
#define HAVE_SYS_TYPES_H 1
#define HAVE_SYS_STAT_H 1
#define HAVE_STDLIB_H 1
#define HAVE_STRING_H 1
#define HAVE_MEMORY_H 1
#define HAVE_STRINGS_H 1
#define HAVE_INTTYPES_H 1
#define HAVE_STDINT_H 1
#define HAVE_UNISTD_H 1
#define HAVE_DLFCN_H 1
#define LT_OBJDIR ".libs/"
#define HAVE_FLOAT_H 1
#define HAVE_INTTYPES_H 1
#define HAVE_LIMITS_H 1
#define HAVE_STDDEF_H 1
#define HAVE_STDLIB_H 1
#define HAVE_STRING_H 1
#define HAVE_ASSERT_H 1
#define HAVE_MATH_H 1
#define HAVE_UNISTD_H 1
#define HAVE_SYS_TIME_H 1
#define HAVE_SYS_TIMES_H 1
#define HAVE_SYS_RESOURCE_H 1
#define HAVE_SYS_WAIT_H 1
#define HAVE_WORKING_THREAD 1
#define HAVE__BOOL 1
#define HAVE_PTRDIFF_T 1
#define SIZEOF_INT 4
#define SIZEOF_LONG 8
#define SIZEOF_VOID_P 8
#define SIZEOF_LONG_DOUBLE 16
#define HAVE_MODERN_CXX 1
#define HAVE_POW 1
#define HAVE_SQRT 1
#define HAVE_STRCHR 1
#define HAVE_STRSTR 1
#define HAVE_POWL 1
#define HAVE_GETHOSTNAME 1
#define HAVE_GETRLIMIT 1
#define HAVE_GETRUSAGE 1
#define HAVE_SYSCONF 1
#define HAVE_IEEE_754 1

configure: exit 0
